<?xml version="1.0" encoding="UTF-8"?>
<!-- Generated by org.testng.reporters.JUnitReportReporter -->
<testsuite hostname="EC2AMAZ-8KL45D2" failures="0" tests="1" name="NotesAssignment_User.update_User" time="0.195" errors="0" timestamp="2024-10-10T09:32:08 UTC" skipped="0">
  <testcase classname="NotesAssignment_User.update_User" name="update" time="0.195"/>
  <system-out/>
</testsuite> <!-- NotesAssignment_User.update_User -->
