<?xml version="1.0" encoding="UTF-8"?>
<!-- Generated by org.testng.reporters.JUnitReportReporter -->
<testsuite hostname="EC2AMAZ-8KL45D2" failures="0" tests="1" name="NotesAssignment_User.Logout_User" time="0.217" errors="0" timestamp="2024-10-10T09:15:07 UTC" skipped="0">
  <testcase classname="NotesAssignment_User.Logout_User" name="Logout" time="0.217"/>
  <system-out/>
</testsuite> <!-- NotesAssignment_User.Logout_User -->
