<?xml version="1.0" encoding="UTF-8"?>
<!-- Generated by org.testng.reporters.JUnitReportReporter -->
<testsuite hostname="EC2AMAZ-8KL45D2" failures="0" tests="1" name="NotesAssignment_User.Change_password" time="0.430" errors="0" timestamp="2024-10-10T09:08:25 UTC" skipped="0">
  <testcase classname="NotesAssignment_User.Change_password" name="Change" time="0.430"/>
  <system-out/>
</testsuite> <!-- NotesAssignment_User.Change_password -->
